  HopfiledNN.cpp
c:\users\notepad\desktop\sem 5\mrzvis\laba 3\hopfieldnetwork\hopfieldnetwork\hopfilednn.cpp(27): warning C4018: <: несоответствие типов со знаком и без знака
c:\users\notepad\desktop\sem 5\mrzvis\laba 3\hopfieldnetwork\hopfieldnetwork\hopfilednn.cpp(32): warning C4018: <: несоответствие типов со знаком и без знака
c:\users\notepad\desktop\sem 5\mrzvis\laba 3\hopfieldnetwork\hopfieldnetwork\hopfilednn.cpp(34): warning C4018: <: несоответствие типов со знаком и без знака
c:\users\notepad\desktop\sem 5\mrzvis\laba 3\hopfieldnetwork\hopfieldnetwork\hopfilednn.cpp(38): warning C4018: <: несоответствие типов со знаком и без знака
c:\users\notepad\desktop\sem 5\mrzvis\laba 3\hopfieldnetwork\hopfieldnetwork\hopfilednn.cpp(56): warning C4018: <: несоответствие типов со знаком и без знака
c:\users\notepad\desktop\sem 5\mrzvis\laba 3\hopfieldnetwork\hopfieldnetwork\hopfilednn.cpp(61): warning C4018: <: несоответствие типов со знаком и без знака
c:\users\notepad\desktop\sem 5\mrzvis\laba 3\hopfieldnetwork\hopfieldnetwork\hopfilednn.cpp(96): warning C4018: <: несоответствие типов со знаком и без знака
c:\users\notepad\desktop\sem 5\mrzvis\laba 3\hopfieldnetwork\hopfieldnetwork\hopfilednn.cpp(98): warning C4018: <: несоответствие типов со знаком и без знака
c:\users\notepad\desktop\sem 5\mrzvis\laba 3\hopfieldnetwork\hopfieldnetwork\hopfilednn.cpp(102): warning C4018: <: несоответствие типов со знаком и без знака
c:\users\notepad\desktop\sem 5\mrzvis\laba 3\hopfieldnetwork\hopfieldnetwork\hopfilednn.cpp(120): warning C4018: <: несоответствие типов со знаком и без знака
c:\users\notepad\desktop\sem 5\mrzvis\laba 3\hopfieldnetwork\hopfieldnetwork\hopfilednn.cpp(125): warning C4018: <: несоответствие типов со знаком и без знака
c:\users\notepad\desktop\sem 5\mrzvis\laba 3\hopfieldnetwork\hopfieldnetwork\hopfilednn.cpp(127): warning C4018: <: несоответствие типов со знаком и без знака
c:\users\notepad\desktop\sem 5\mrzvis\laba 3\hopfieldnetwork\hopfieldnetwork\hopfilednn.cpp(147): warning C4244: аргумент: преобразование "double" в "const unsigned int", возможна потеря данных
c:\users\notepad\desktop\sem 5\mrzvis\laba 3\hopfieldnetwork\hopfieldnetwork\hopfilednn.cpp(151): warning C4244: аргумент: преобразование "double" в "const unsigned int", возможна потеря данных
c:\users\notepad\desktop\sem 5\mrzvis\laba 3\hopfieldnetwork\hopfieldnetwork\hopfilednn.cpp(154): warning C4244: аргумент: преобразование "time_t" в "unsigned int", возможна потеря данных
c:\users\notepad\desktop\sem 5\mrzvis\laba 3\hopfieldnetwork\hopfieldnetwork\hopfilednn.cpp(172): warning C4018: <: несоответствие типов со знаком и без знака
c:\users\notepad\desktop\sem 5\mrzvis\laba 3\hopfieldnetwork\hopfieldnetwork\hopfilednn.cpp(178): warning C4018: <: несоответствие типов со знаком и без знака
c:\users\notepad\desktop\sem 5\mrzvis\laba 3\hopfieldnetwork\hopfieldnetwork\hopfilednn.cpp(180): warning C4018: <: несоответствие типов со знаком и без знака
c:\users\notepad\desktop\sem 5\mrzvis\laba 3\hopfieldnetwork\hopfieldnetwork\hopfilednn.cpp(205): warning C4018: <: несоответствие типов со знаком и без знака
c:\users\notepad\desktop\sem 5\mrzvis\laba 3\hopfieldnetwork\hopfieldnetwork\hopfilednn.cpp(211): warning C4018: <: несоответствие типов со знаком и без знака
c:\users\notepad\desktop\sem 5\mrzvis\laba 3\hopfieldnetwork\hopfieldnetwork\hopfilednn.cpp(213): warning C4018: <: несоответствие типов со знаком и без знака
c:\users\notepad\desktop\sem 5\mrzvis\laba 3\hopfieldnetwork\hopfieldnetwork\hopfilednn.cpp(227): warning C4018: <: несоответствие типов со знаком и без знака
c:\users\notepad\desktop\sem 5\mrzvis\laba 3\hopfieldnetwork\hopfieldnetwork\hopfilednn.cpp(232): warning C4018: <: несоответствие типов со знаком и без знака
c:\users\notepad\desktop\sem 5\mrzvis\laba 3\hopfieldnetwork\hopfieldnetwork\hopfilednn.cpp(234): warning C4018: <: несоответствие типов со знаком и без знака
c:\users\notepad\desktop\sem 5\mrzvis\laba 3\hopfieldnetwork\hopfieldnetwork\hopfilednn.cpp(249): warning C4018: <: несоответствие типов со знаком и без знака
c:\users\notepad\desktop\sem 5\mrzvis\laba 3\hopfieldnetwork\hopfieldnetwork\hopfilednn.cpp(254): warning C4018: <: несоответствие типов со знаком и без знака
c:\users\notepad\desktop\sem 5\mrzvis\laba 3\hopfieldnetwork\hopfieldnetwork\hopfilednn.cpp(271): warning C4101: ex: неиспользованная локальная переменная
c:\users\notepad\desktop\sem 5\mrzvis\laba 3\hopfieldnetwork\hopfieldnetwork\hopfilednn.cpp(390): warning C4018: <: несоответствие типов со знаком и без знака
c:\users\notepad\desktop\sem 5\mrzvis\laba 3\hopfieldnetwork\hopfieldnetwork\hopfilednn.cpp(393): warning C4018: <: несоответствие типов со знаком и без знака
c:\users\notepad\desktop\sem 5\mrzvis\laba 3\hopfieldnetwork\hopfieldnetwork\hopfilednn.cpp(394): warning C4018: <: несоответствие типов со знаком и без знака
c:\users\notepad\desktop\sem 5\mrzvis\laba 3\hopfieldnetwork\hopfieldnetwork\hopfilednn.cpp(402): warning C4018: <: несоответствие типов со знаком и без знака
c:\users\notepad\desktop\sem 5\mrzvis\laba 3\hopfieldnetwork\hopfieldnetwork\hopfilednn.cpp(406): warning C4018: <: несоответствие типов со знаком и без знака
c:\users\notepad\desktop\sem 5\mrzvis\laba 3\hopfieldnetwork\hopfieldnetwork\hopfilednn.cpp(412): warning C4018: <: несоответствие типов со знаком и без знака
c:\users\notepad\desktop\sem 5\mrzvis\laba 3\hopfieldnetwork\hopfieldnetwork\hopfilednn.cpp(416): warning C4018: <: несоответствие типов со знаком и без знака
c:\users\notepad\desktop\sem 5\mrzvis\laba 3\hopfieldnetwork\hopfieldnetwork\hopfilednn.cpp(430): warning C4018: <: несоответствие типов со знаком и без знака
c:\users\notepad\desktop\sem 5\mrzvis\laba 3\hopfieldnetwork\hopfieldnetwork\hopfilednn.cpp(438): warning C4018: <: несоответствие типов со знаком и без знака
c:\users\notepad\desktop\sem 5\mrzvis\laba 3\hopfieldnetwork\hopfieldnetwork\hopfilednn.cpp(439): warning C4018: <: несоответствие типов со знаком и без знака
c:\users\notepad\desktop\sem 5\mrzvis\laba 3\hopfieldnetwork\hopfieldnetwork\hopfilednn.cpp(442): warning C4018: <: несоответствие типов со знаком и без знака
c:\users\notepad\desktop\sem 5\mrzvis\laba 3\hopfieldnetwork\hopfieldnetwork\hopfilednn.cpp(512): warning C4018: <: несоответствие типов со знаком и без знака
c:\users\notepad\desktop\sem 5\mrzvis\laba 3\hopfieldnetwork\hopfieldnetwork\hopfilednn.cpp(517): warning C4018: <: несоответствие типов со знаком и без знака
  Source.cpp
  Создание кода...
  HopfieldNetwork.vcxproj -> C:\Users\NotePad\Desktop\sem 5\MRZVIS\laba 3\HopfieldNetwork\Debug\HopfieldNetwork.exe
